b.txt: [1, 1] found  'oto' first character
b.txt: [1, 3] found  'oto' first character
b.txt: [1, 5] found  'oto' first character
b.txt: [1, 7] found  'oto' first character
b.txt: [1, 9] found  'oto' first character
asa.txt: [1, 1] found  'oto' first character
asa.txt: [1, 6] found  'oto' first character
ridvan.txt: [1, 1] found  'oto' first character
ridvan.txt: [1, 9] found  'oto' first character
ridvan.txt: [3, 1] found  'oto' first character
ridvan.txt: [4, 1] found  'oto' first character
ridvan.txt: [4, 11] found  'oto' first character
ridvan.txt: [4, 21] found  'oto' first character
Gt2.txt: [6, 14] found  'oto' first character
Gt2.txt: [379, 41] found  'oto' first character
Gt2.txt: [480, 17] found  'oto' first character
Gt2.txt: [485, 44] found  'oto' first character
Gt2.txt: [490, 39] found  'oto' first character
Gt2.txt: [496, 11] found  'oto' first character
13.txt: [1, 1] found  'oto' first character
13.txt: [1, 3] found  'oto' first character
13.txt: [1, 5] found  'oto' first character
13.txt: [1, 7] found  'oto' first character
13.txt: [1, 9] found  'oto' first character
13.txt: [1, 11] found  'oto' first character
13.txt: [1, 13] found  'oto' first character
13.txt: [1, 15] found  'oto' first character
13.txt: [1, 17] found  'oto' first character
12.txt: [1, 1] found  'oto' first character
12.txt: [1, 3] found  'oto' first character
12.txt: [1, 5] found  'oto' first character
12.txt: [1, 7] found  'oto' first character
12.txt: [1, 9] found  'oto' first character
12.txt: [1, 11] found  'oto' first character
12.txt: [1, 13] found  'oto' first character
12.txt: [1, 15] found  'oto' first character
12.txt: [1, 17] found  'oto' first character
12.txt: [2, 1] found  'oto' first character
12.txt: [2, 3] found  'oto' first character
12.txt: [2, 5] found  'oto' first character
12.txt: [2, 7] found  'oto' first character
12.txt: [2, 9] found  'oto' first character
12.txt: [2, 11] found  'oto' first character
12.txt: [2, 13] found  'oto' first character
12.txt: [2, 15] found  'oto' first character
12.txt: [2, 17] found  'oto' first character
12.txt: [3, 1] found  'oto' first character
12.txt: [3, 3] found  'oto' first character
12.txt: [3, 5] found  'oto' first character
12.txt: [3, 7] found  'oto' first character
12.txt: [3, 9] found  'oto' first character
12.txt: [3, 11] found  'oto' first character
12.txt: [3, 13] found  'oto' first character
12.txt: [3, 15] found  'oto' first character
12.txt: [3, 17] found  'oto' first character
12.txt: [4, 1] found  'oto' first character
12.txt: [4, 3] found  'oto' first character
12.txt: [4, 5] found  'oto' first character
12.txt: [4, 7] found  'oto' first character
12.txt: [4, 9] found  'oto' first character
12.txt: [4, 11] found  'oto' first character
12.txt: [4, 13] found  'oto' first character
12.txt: [4, 15] found  'oto' first character
12.txt: [4, 17] found  'oto' first character
12.txt: [5, 1] found  'oto' first character
12.txt: [5, 3] found  'oto' first character
12.txt: [5, 5] found  'oto' first character
12.txt: [5, 7] found  'oto' first character
12.txt: [5, 9] found  'oto' first character
12.txt: [5, 11] found  'oto' first character
12.txt: [5, 13] found  'oto' first character
12.txt: [5, 15] found  'oto' first character
12.txt: [5, 17] found  'oto' first character
12.txt: [6, 1] found  'oto' first character
12.txt: [6, 3] found  'oto' first character
12.txt: [6, 5] found  'oto' first character
12.txt: [6, 7] found  'oto' first character
12.txt: [6, 9] found  'oto' first character
12.txt: [6, 11] found  'oto' first character
12.txt: [6, 13] found  'oto' first character
12.txt: [6, 15] found  'oto' first character
12.txt: [6, 17] found  'oto' first character
12.txt: [7, 1] found  'oto' first character
12.txt: [7, 3] found  'oto' first character
12.txt: [7, 5] found  'oto' first character
12.txt: [7, 7] found  'oto' first character
12.txt: [7, 9] found  'oto' first character
12.txt: [7, 11] found  'oto' first character
12.txt: [7, 13] found  'oto' first character
12.txt: [7, 15] found  'oto' first character
12.txt: [7, 17] found  'oto' first character
12.txt: [8, 1] found  'oto' first character
12.txt: [8, 3] found  'oto' first character
12.txt: [8, 5] found  'oto' first character
12.txt: [8, 7] found  'oto' first character
12.txt: [8, 9] found  'oto' first character
12.txt: [8, 11] found  'oto' first character
12.txt: [8, 13] found  'oto' first character
12.txt: [8, 15] found  'oto' first character
12.txt: [8, 17] found  'oto' first character
100 'oto' were found in total  
