 16676  139627114305280 d2.txt: [1, 1] found  'oto' first character
 16676  139627131090688 d1.txt: [1, 1] found  'oto' first character
 16676  139627131090688 d1.txt: [1, 3] found  'oto' first character
 16676  139627122697984 d3.txt: [1, 1] found  'oto' first character
 16676  139627122697984 d3.txt: [2, 1] found  'oto' first character
 16676  139627122697984 d3.txt: [2, 3] found  'oto' first character
 16676  139627122697984 d3.txt: [3, 1] found  'oto' first character
 16680  139627122697984 a1.txt: [1, 1] found  'oto' first character
 16680  139627122697984 a1.txt: [2, 1] found  'oto' first character
 16680  139627122697984 a1.txt: [3, 1] found  'oto' first character
 16680  139627114305280 a2.txt: [1, 1] found  'oto' first character
 16683  139627114305280 3.txt: [1, 1] found  'oto' first character
 16683  139627114305280 3.txt: [1, 3] found  'oto' first character
 16683  139627114305280 3.txt: [1, 5] found  'oto' first character
 16683  139627122697984 2.txt: [1, 1] found  'oto' first character
 16683  139627122697984 2.txt: [1, 3] found  'oto' first character
 16686  139627122697984 b2.txt: [1, 1] found  'oto' first character
 16686  139627114305280 b1.txt: [1, 1] found  'oto' first character
 16689  139627122697984 e.txt: [1, 1] found  'oto' first character
 16689  139627122697984 e.txt: [1, 3] found  'oto' first character
 16689  139627131090688 bb1.txt: [1, 1] found  'oto' first character
 16689  139626901575424 f.txt: [1, 1] found  'oto' first character
 16689  139627114305280 r.txt: [1, 1] found  'oto' first character
 16689  139627114305280 r.txt: [2, 1] found  'oto' first character
 16694  139627114305280 c1.txt: [1, 1] found  'oto' first character
 16694  139627114305280 c1.txt: [2, 1] found  'oto' first character
 16699  139627122697984 ccc.txt: [1, 1] found  'oto' first character
 16699  139627122697984 ccc.txt: [1, 3] found  'oto' first character
 16696  139627114305280 cc1.txt: [1, 1] found  'oto' first character
 16696  139627122697984 cc2.txt: [1, 1] found  'oto' first character
30 'oto' were found in total  
